<?xml version="1.0" encoding="UTF-8"?>
<!-- Generated by org.testng.reporters.JUnitReportReporter -->
<testsuite hostname="Dotpes-MacBook-Pro.local" failures="0" tests="1" name="Udemy_TestNG_Practice01" time="21.950" errors="0" timestamp="2023-03-29T15:34:47 IST" skipped="0">
  <testcase classname="Udemy_TestNG_Practice01" name="AppiumTest" time="21.950"/>
  <system-out/>
</testsuite> <!-- Udemy_TestNG_Practice01 -->
