<?xml version="1.0" encoding="UTF-8"?>
<!-- Generated by org.testng.reporters.JUnitReportReporter -->
<testsuite hostname="Dotpes-MacBook-Pro.local" failures="0" tests="1" name="Drag_And_Drop" time="3.047" errors="0" timestamp="2023-04-03T15:07:52 IST" skipped="0">
  <testcase classname="Drag_And_Drop" name="Dragactivity" time="3.047"/>
  <system-out/>
</testsuite> <!-- Drag_And_Drop -->
