<?xml version="1.0" encoding="UTF-8"?>
<!-- Generated by org.testng.reporters.JUnitReportReporter -->
<testsuite hostname="Pratyushs-MacBook-Air.local" failures="0" tests="1" name="Udemy_TestNG_Practice01" time="12.847" errors="0" timestamp="2022-08-29T15:12:13 IST" skipped="0">
  <testcase classname="Udemy_TestNG_Practice01" name="AppiumTest" time="12.847"/>
  <system-out/>
</testsuite> <!-- Udemy_TestNG_Practice01 -->
