<?xml version="1.0" encoding="UTF-8"?>
<!-- Generated by org.testng.reporters.JUnitReportReporter -->
<testsuite hostname="Pratyushs-MacBook-Air.local" failures="0" tests="1" name="Drag_And_Drop" time="3.032" errors="0" timestamp="2022-09-04T15:10:16 IST" skipped="0">
  <testcase classname="Drag_And_Drop" name="Dragactivity" time="3.032"/>
  <system-out/>
</testsuite> <!-- Drag_And_Drop -->
