<?xml version="1.0" encoding="UTF-8"?>
<!-- Generated by org.testng.reporters.JUnitReportReporter -->
<testsuite hostname="Pratyushs-MacBook-Air.local" failures="0" tests="1" name="Scroller" time="8.939" errors="0" timestamp="2022-09-01T15:10:11 IST" skipped="0">
  <testcase classname="Scroller" name="scroller" time="8.939"/>
  <system-out/>
</testsuite> <!-- Scroller -->
