<?xml version="1.0" encoding="UTF-8"?>
<!-- Generated by org.testng.reporters.JUnitReportReporter -->
<testsuite hostname="Dotpes-MacBook-Pro.local" failures="0" tests="1" name="LogPress_Test_Case" time="5.403" errors="0" timestamp="2023-04-03T14:46:55 IST" skipped="0">
  <testcase classname="LogPress_Test_Case" name="Longpress" time="5.403"/>
  <system-out/>
</testsuite> <!-- LogPress_Test_Case -->
