<?xml version="1.0" encoding="UTF-8"?>
<!-- Generated by org.testng.reporters.JUnitReportReporter -->
<testsuite hostname="Pratyushs-MacBook-Air.local" failures="0" tests="1" name="Swipe_in_Android" time="4.830" errors="0" timestamp="2022-09-04T14:35:17 IST" skipped="0">
  <testcase classname="Swipe_in_Android" name="swipe" time="4.830"/>
  <system-out/>
</testsuite> <!-- Swipe_in_Android -->
