<?xml version="1.0" encoding="UTF-8"?>
<!-- Generated by org.testng.reporters.JUnitReportReporter -->
<testsuite hostname="Dotpes-MacBook-Pro.local" failures="0" tests="2" name="Ecom_Home_page_Tc_01" time="12.522" errors="0" timestamp="2022-10-04T12:38:05 IST" skipped="0">
  <testcase classname="Ecom_Home_page_Tc_01" name="FillForm_PositiveFlow" time="6.619"/>
  <system-out/>
  <testcase classname="Ecom_Home_page_Tc_01" name="FillForm_ErrorValidation" time="5.903"/>
  <system-out/>
</testsuite> <!-- Ecom_Home_page_Tc_01 -->
